<?xml version="1.0" encoding="UTF-8"?>
<!-- Generated by org.testng.reporters.JUnitReportReporter -->
<testsuite hostname="Shruti-pc1" failures="0" tests="1" name="demo.Sample" time="0.021" errors="0" timestamp="2024-07-26T12:01:09 IST" skipped="0">
  <testcase classname="demo.Sample" name="demo" time="0.021"/>
  <system-out>
    <![CDATA[sample class executed]]>
  </system-out>
</testsuite> <!-- demo.Sample -->
