<?xml version="1.0" encoding="UTF-8"?>
<!-- Generated by org.testng.reporters.JUnitReportReporter -->
<testsuite hostname="Shruti-pc1" failures="0" tests="1" name="extentReports.ToLearnExtentReports" time="0.839" errors="0" timestamp="2024-08-09T11:56:05 IST" skipped="0">
  <testcase classname="extentReports.ToLearnExtentReports" name="createReport" time="0.839"/>
  <system-out/>
</testsuite> <!-- extentReports.ToLearnExtentReports -->
