<?xml version="1.0" encoding="UTF-8"?>
<!-- Generated by org.testng.reporters.JUnitReportReporter -->
<testsuite hostname="Shruti-pc1" failures="0" tests="1" name="extentReports.ToAdedscreenshotIntoReport" time="81.324" errors="0" timestamp="2024-08-09T12:30:29 IST" skipped="0">
  <testcase classname="extentReports.ToAdedscreenshotIntoReport" name="addScreenshot" time="81.324"/>
  <system-out/>
</testsuite> <!-- extentReports.ToAdedscreenshotIntoReport -->
