<?xml version="1.0" encoding="UTF-8"?>
<!-- Generated by org.testng.reporters.JUnitReportReporter -->
<testsuite hostname="Shruti-pc1" failures="0" tests="1" name="cars.RangeRoverTest" time="113.601" errors="0" timestamp="2024-07-29T12:21:30 IST" skipped="0">
  <testcase classname="cars.RangeRoverTest" name="range" time="113.601"/>
  <system-out>
    <![CDATA[range rover launched successfully]]>
  </system-out>
</testsuite> <!-- cars.RangeRoverTest -->
