<?xml version="1.0" encoding="UTF-8"?>
<!-- Generated by org.testng.reporters.JUnitReportReporter -->
<testsuite hostname="Shruti-pc1" failures="0" tests="1" name="demo.SkillrarayAssignmentTest" time="21.957" errors="0" timestamp="2024-08-01T11:04:59 IST" skipped="0">
  <testcase classname="demo.SkillrarayAssignmentTest" name="logindata" time="21.957"/>
  <system-out>
    <![CDATA[homepage is not displayed ]]>
  </system-out>
</testsuite> <!-- demo.SkillrarayAssignmentTest -->
