<?xml version="1.0" encoding="UTF-8"?>
<!-- Generated by org.testng.reporters.JUnitReportReporter -->
<testsuite hostname="Shruti-pc1" failures="0" tests="1" name="cars.TataMotersTest" time="2.347" errors="0" timestamp="2024-07-31T11:00:58 IST" skipped="0">
  <testcase classname="cars.TataMotersTest" name="tata" time="2.347"/>
  <system-out>
    <![CDATA[tata motors launched successfully]]>
  </system-out>
</testsuite> <!-- cars.TataMotersTest -->
