<?xml version="1.0" encoding="UTF-8"?>
<!-- Generated by org.testng.reporters.JUnitReportReporter -->
<testsuite hostname="Shruti-pc1" failures="0" tests="1" name="bikes.KawasakiNinjaTest" time="10.649" errors="0" timestamp="2024-07-31T11:00:58 IST" skipped="0">
  <testcase classname="bikes.KawasakiNinjaTest" name="kawasaki" time="10.649"/>
  <system-out>
    <![CDATA[kawaski class executed ]]>
  </system-out>
</testsuite> <!-- bikes.KawasakiNinjaTest -->
