<?xml version="1.0" encoding="UTF-8"?>
<!-- Generated by org.testng.reporters.JUnitReportReporter -->
<testsuite hostname="Shruti-pc1" failures="0" tests="1" name="bikes.BajajTest" time="13.854" errors="0" timestamp="2024-07-31T11:02:57 IST" skipped="0">
  <testcase classname="bikes.BajajTest" name="bajaj" time="13.854"/>
  <system-out>
    <![CDATA[bajaj classs bikes executed ]]>
  </system-out>
</testsuite> <!-- bikes.BajajTest -->
