<?xml version="1.0" encoding="UTF-8"?>
<!-- Generated by org.testng.reporters.JUnitReportReporter -->
<testsuite hostname="Shruti-pc1" failures="0" tests="1" name="demo.MavenParameterTest" time="152.687" errors="0" timestamp="2024-07-31T12:08:42 IST" skipped="0">
  <testcase classname="demo.MavenParameterTest" name="receiveData" time="152.687"/>
  <system-out>
    <![CDATA[https://demowebshop.tricentis.com/]]>
  </system-out>
</testsuite> <!-- demo.MavenParameterTest -->
