<?xml version="1.0" encoding="UTF-8"?>
<!-- Generated by org.testng.reporters.JUnitReportReporter -->
<testsuite hostname="Shruti-pc1" failures="0" tests="1" name="demo.SampleTest" time="0.001" errors="0" timestamp="2024-07-31T11:00:58 IST" skipped="0">
  <testcase classname="demo.SampleTest" name="sample" time="0.001"/>
  <system-out>
    <![CDATA[sample class executed ]]>
  </system-out>
</testsuite> <!-- demo.SampleTest -->
