<?xml version="1.0" encoding="UTF-8"?>
<!-- Generated by org.testng.reporters.JUnitReportReporter -->
<testsuite hostname="Shruti-pc1" failures="0" tests="1" name="bikes.YahamaTest" time="2.873" errors="0" timestamp="2024-07-31T11:00:58 IST" skipped="0">
  <testcase classname="bikes.YahamaTest" name="yamaha" time="2.873"/>
  <system-out>
    <![CDATA[yamaha class executed ]]>
  </system-out>
</testsuite> <!-- bikes.YahamaTest -->
