<?xml version="1.0" encoding="UTF-8"?>
<!-- Generated by org.testng.reporters.JUnitReportReporter -->
<testsuite hostname="Shruti-pc1" failures="0" tests="1" name="bikes.RoyalEnfieldTest" time="3.044" errors="0" timestamp="2024-07-31T11:00:58 IST" skipped="0">
  <testcase classname="bikes.RoyalEnfieldTest" name="royal" time="3.044"/>
  <system-out>
    <![CDATA[royal enfield class bikes executed ]]>
  </system-out>
</testsuite> <!-- bikes.RoyalEnfieldTest -->
