<?xml version="1.0" encoding="UTF-8"?>
<!-- Generated by org.testng.reporters.JUnitReportReporter -->
<testsuite hostname="Shruti-pc1" failures="0" tests="1" name="cars.LamborginiTest" time="3.871" errors="0" timestamp="2024-07-31T11:00:58 IST" skipped="0">
  <testcase classname="cars.LamborginiTest" name="lamborgini" time="3.871"/>
  <system-out>
    <![CDATA[lamborgingi launched successfully]]>
  </system-out>
</testsuite> <!-- cars.LamborginiTest -->
